[debug] [2025-03-21T05:31:10.071Z] ----------------------------------------------------------------------
[debug] [2025-03-21T05:31:10.072Z] Command:       /Users/junbookpro/.nvm/versions/node/v22.14.0/bin/node /Users/junbookpro/.nvm/versions/node/v22.14.0/bin/firebase deploy
[debug] [2025-03-21T05:31:10.072Z] CLI Version:   13.35.1
[debug] [2025-03-21T05:31:10.073Z] Platform:      darwin
[debug] [2025-03-21T05:31:10.073Z] Node Version:  v22.14.0
[debug] [2025-03-21T05:31:10.073Z] Time:          Fri Mar 21 2025 14:31:10 GMT+0900 (Korean Standard Time)
[debug] [2025-03-21T05:31:10.073Z] ----------------------------------------------------------------------
[debug] 
[debug] [2025-03-21T05:31:10.142Z] > command requires scopes: ["email","openid","https://www.googleapis.com/auth/cloudplatformprojects.readonly","https://www.googleapis.com/auth/firebase","https://www.googleapis.com/auth/cloud-platform"]
[debug] [2025-03-21T05:31:10.143Z] > authorizing via signed-in user (zuntwo2@gmail.com)
[debug] [2025-03-21T05:31:10.143Z] [iam] checking project pnu-ibe for permissions ["firebase.projects.get","firebasehosting.sites.update"]
[debug] [2025-03-21T05:31:10.143Z] Checked if tokens are valid: true, expires at: 1742536950127
[debug] [2025-03-21T05:31:10.143Z] Checked if tokens are valid: true, expires at: 1742536950127
[debug] [2025-03-21T05:31:10.143Z] >>> [apiv2][query] POST https://cloudresourcemanager.googleapis.com/v1/projects/pnu-ibe:testIamPermissions [none]
[debug] [2025-03-21T05:31:10.143Z] >>> [apiv2][(partial)header] POST https://cloudresourcemanager.googleapis.com/v1/projects/pnu-ibe:testIamPermissions x-goog-quota-user=projects/pnu-ibe
[debug] [2025-03-21T05:31:10.143Z] >>> [apiv2][body] POST https://cloudresourcemanager.googleapis.com/v1/projects/pnu-ibe:testIamPermissions {"permissions":["firebase.projects.get","firebasehosting.sites.update"]}
[debug] [2025-03-21T05:31:10.974Z] <<< [apiv2][status] POST https://cloudresourcemanager.googleapis.com/v1/projects/pnu-ibe:testIamPermissions 200
[debug] [2025-03-21T05:31:10.974Z] <<< [apiv2][body] POST https://cloudresourcemanager.googleapis.com/v1/projects/pnu-ibe:testIamPermissions {"permissions":["firebase.projects.get","firebasehosting.sites.update"]}
[debug] [2025-03-21T05:31:10.974Z] Checked if tokens are valid: true, expires at: 1742536950127
[debug] [2025-03-21T05:31:10.974Z] Checked if tokens are valid: true, expires at: 1742536950127
[debug] [2025-03-21T05:31:10.974Z] >>> [apiv2][query] GET https://firebase.googleapis.com/v1beta1/projects/pnu-ibe [none]
[debug] [2025-03-21T05:31:11.378Z] <<< [apiv2][status] GET https://firebase.googleapis.com/v1beta1/projects/pnu-ibe 200
[debug] [2025-03-21T05:31:11.378Z] <<< [apiv2][body] GET https://firebase.googleapis.com/v1beta1/projects/pnu-ibe {"projectId":"pnu-ibe","projectNumber":"842150288087","displayName":"pnu-ibe","name":"projects/pnu-ibe","resources":{"hostingSite":"pnu-ibe"},"state":"ACTIVE","etag":"1_b3ae60cb-9582-4039-b01f-f31178cc3bc3"}
[info] 
[info] === Deploying to 'pnu-ibe'...
[info] 
[info] i  deploying hosting 
[debug] [2025-03-21T05:31:11.381Z] Checked if tokens are valid: true, expires at: 1742536950127
[debug] [2025-03-21T05:31:11.381Z] Checked if tokens are valid: true, expires at: 1742536950127
[debug] [2025-03-21T05:31:11.381Z] >>> [apiv2][query] POST https://firebasehosting.googleapis.com/v1beta1/projects/-/sites/pnu-ibe/versions [none]
[debug] [2025-03-21T05:31:11.381Z] >>> [apiv2][body] POST https://firebasehosting.googleapis.com/v1beta1/projects/-/sites/pnu-ibe/versions {"status":"CREATED","labels":{"deployment-tool":"cli-firebase"}}
[debug] [2025-03-21T05:31:12.507Z] <<< [apiv2][status] POST https://firebasehosting.googleapis.com/v1beta1/projects/-/sites/pnu-ibe/versions 200
[debug] [2025-03-21T05:31:12.507Z] <<< [apiv2][body] POST https://firebasehosting.googleapis.com/v1beta1/projects/-/sites/pnu-ibe/versions {"name":"projects/842150288087/sites/pnu-ibe/versions/998a453f2472b12b","status":"CREATED","config":{},"labels":{"deployment-tool":"cli-firebase"}}
[info] i  hosting[pnu-ibe]: beginning deploy... 
[info] i  hosting[pnu-ibe]: found 116 files in out 
[debug] [2025-03-21T05:31:12.522Z] [hosting] uploading with 200 concurrency
[debug] [2025-03-21T05:31:12.592Z] Checked if tokens are valid: true, expires at: 1742536950127
[debug] [2025-03-21T05:31:12.592Z] Checked if tokens are valid: true, expires at: 1742536950127
[debug] [2025-03-21T05:31:12.593Z] [hosting] hash cache [b3V0] stored for 116 files
[debug] [2025-03-21T05:31:12.593Z] [hosting][hash queue][FINAL] {"max":59,"min":3,"avg":23.29310344827585,"active":0,"complete":116,"success":116,"errored":0,"retried":0,"total":116,"elapsed":70}
[debug] [2025-03-21T05:31:12.593Z] >>> [apiv2][query] POST https://firebasehosting.googleapis.com/v1beta1/projects/842150288087/sites/pnu-ibe/versions/998a453f2472b12b:populateFiles [none]
[debug] [2025-03-21T05:31:12.593Z] >>> [apiv2][body] POST https://firebasehosting.googleapis.com/v1beta1/projects/842150288087/sites/pnu-ibe/versions/998a453f2472b12b:populateFiles {"files":{"/window.svg":"bf07bc7ddc1ae03e7936a9347de10e85cf9a0e51f99bd8293b2a8eeca6463b49","/vercel.svg":"ffb3d6634c37da9451d60557ed0e6e513e2889672e0bf202d2558062062a048a","/next.svg":"7b16665552cb47db34db342505d6d340caaf5813ca2cba1df3536ed67ea33f64","/manifest.json":"b484a4d2434d968a4416d63ac6001d0c6e7e62eb691cd070fbcbcc29a3f2be44","/ms-icon-70x70.png":"9d2014b3f15f037afa7982736b77de7c65d1136feec4a6093b703b68ba65045d","/globe.svg":"914fe1f576f68698d9e329ea8ec6c542d8d5f150af08f1a360d188fed7597c23","/file.svg":"cb6477bad43c44ba222b8cddfa7e4fe646b19ec7449646e8c2a426354faa630e","/ms-icon-144x144.png":"81bfa76b23d2b628d2205d0c6485b08155ef0c7108e026ad6657b400bce82337","/favicon-96x96.png":"df07104ec479b1721f0b62895ea3b8839888f6ebc375ba585e05c386d4364d47","/favicon-32x32.png":"a739d672e7381285e90715852e6203da779fa28276a7d7c37d61b5e7ee892c23","/favicon-96x96 2.png":"df07104ec479b1721f0b62895ea3b8839888f6ebc375ba585e05c386d4364d47","/favicon-16x16.png":"5c85e8ae64445ab4ede9e870d8c9d92fbf9ac0b952d1c981d2357220684ddf25","/favicon-32x32 2.png":"a739d672e7381285e90715852e6203da779fa28276a7d7c37d61b5e7ee892c23","/favicon-16x16 2.png":"5c85e8ae64445ab4ede9e870d8c9d92fbf9ac0b952d1c981d2357220684ddf25","/index.html":"5a2e31495a8e1160cf0d30510de9a9ffd4909eeff95933ba00c99cba1ad68551","/browserconfig.xml":"db216183b780e0f8e80c8eed68048fc17f2b05494c53deb711c4a50a5b30e392","/apple-icon-72x72.png":"bf9a55034c5fe04b85f48e86d216a7155cf0cbb497e593f956e3d47c8bc45ef8","/apple-icon-76x76.png":"85cc9bf4b4a64f1d4fdb4fb98dbb5c09f985f9485e4054743afba22d7d64560d","/apple-icon-57x57.png":"7dcbc30dd051ca4130e53fc89174c071dead6dbf14288483134a4aebeed54e84","/apple-icon-60x60.png":"1088dfb341cddb3ffa790573085679065c1ea7b29867b1009624b510a8763401","/apple-icon-144x144.png":"81bfa76b23d2b628d2205d0c6485b08155ef0c7108e026ad6657b400bce82337","/apple-icon-114x114.png":"969ccbed9cd6a25f4627f39742b6a59b00d6240e39c6612967bf898db37047e6","/android-icon-96x96.png":"df07104ec479b1721f0b62895ea3b8839888f6ebc375ba585e05c386d4364d47","/apple-icon-120x120.png":"b94425a74ad1b142b51e8387ae15218580eaf3356eff7a168a10c646c01e1050","/android-icon-72x72.png":"bf9a55034c5fe04b85f48e86d216a7155cf0cbb497e593f956e3d47c8bc45ef8","/android-icon-48x48.png":"6133c0023b01ad2f476393b8961184448085d1b6b73f436f9cf1eac17685b7af","/favicon.ico":"41a4ddc608b475ef7d5b500aaf04194f765b34c8a15525e450ca7428a7a6c704","/android-icon-36x36.png":"e378cb4ace80601401a7e171bfab22997e25706f72946821ff837d7c5fab49be","/404.html":"4b4e1004a300dee49b24df98963c2b920c31061ca749f19c7628f622b64a5015","/android-icon-144x144.png":"81bfa76b23d2b628d2205d0c6485b08155ef0c7108e026ad6657b400bce82337","/rental/index.html":"4fcfa11ec991643832cc85ae9a8ee4dcdca89b22af27106a8252b5e40d7a4e42","/notice/index.html":"7f1fcfeff9a5b177b648698efb63eebe7626064c90ae0b2893b8ac7a664def26","/notice/2/index.html":"af69d2fdffa798530c4dbc683ca4d2c81d17f76e8dd7490ee985232c53f29276","/notice/1/index.html":"49ff845c605761705a9a16b370161c80fd01607ab1c58bd0ac58a3efc406f832","/ms-icon-150x150.png":"f951d5727ab6811410330cd9af081f22e27ae8ac543c44ee671bfb769a83027b","/apple-icon.png":"b4684e427ca293684d31104b1b2071d3e73beac181f89265ec45bdcbfb58c865","/apple-icon-precomposed.png":"b4684e427ca293684d31104b1b2071d3e73beac181f89265ec45bdcbfb58c865","/apple-icon-152x152.png":"c2781f1eca5b0b5240b4c4f97feb9c2c965d29dd7549c3d56270ec5deb60465f","/apple-icon-180x180.png":"9c2c5b3df0089eed3bd40d2d5d571cc1e870b9a2c6891a92a565e9fc16028b21","/android-icon-192x192.png":"f666efbed5ae6a5ac647c2e460e7919cd40419b7b8c930abb14f288bb31ca6d7","/ms-icon-310x310.png":"a3b8eda577af6baf196efe528c15978a70f5d6c6dde10390f41209ae2aeee30f","/events/index.html":"107e1bd771ca72ae273024c3e976968d844c5bb2ccf1ab103921a252fc748bd7","/events/3/index.html":"edaaa4b340b8eb7b780a57f99ef5789f1e2ccdb3e89ebfb6b603d419205d39c9","/events/1/index.html":"93124ab3404f6f82f9f2f25e0a43ab1e942280d4206f46e185bee89146db6269","/events/2/index.html":"011db13d80cbc64d5a2f8232f127c30760c9c584010e772b8cb461d4a281af65","/about/index.html":"7a05759f193c5c211daa286a605bd2f09bf2ccaf9f5f7143a93106d69b8d8e95","/_next/static/css/3f6a0ec66f72e526.css":"b21746671f774956b353fd61a2770dee9ff297623749d9e18ff3059a5e20752a","/_next/static/chunks/webpack-0d0518cf5dc92fa8.js":"d4f7e2445b506c68bc8073bc9526c572cc3351dff8eddcbc4208c2452127f1a9","/_next/static/chunks/main-fa504e6db7e0954e.js":"487a31ad69eab4d512f48453d1fdf342cf398ebade8910473e91f422b84d308e","/_next/static/chunks/polyfills-42372ed130431b0a.js":"67dee1c02c6a6700d63b5c1898cf2df618101a68a395db469192763d24925a23","/_next/static/chunks/main-app-8dc8176125aa900b.js":"6508543a1238be95cc7235fa390388040bfa74829c096edbc669a28f4cd40ce4","/_next/static/chunks/framework-72b3c8ec7f579e65.js":"11b3c767d712802a4ef82fb5c6d8839752b0394cdab2fa87e0ebfbd121f77d40","/_next/static/chunks/101-c1075ad1cdc6ff0d.js":"53d93ff09e26035c4ea98ebc12bbc2dec7982ae14e485bdb89316055718284cd","/_next/static/chunks/pages/rental-e3245170b916743d.js":"8c871387207918c03a1cf9cb73a47f45c09112fad11f8ab8326bc331af7e7fef","/_next/static/chunks/4bd1b696-5b6c0ccbd3c0c9ab.js":"dd59a05552daf59848c1f78f90194231d7691005927f60c0fa948b416a5e7302","/_next/static/chunks/pages/notice-861e4e95ca98900e.js":"d322262d70d8c32be264c261a9dca0ed9a683541ef5ab47c8bd8eff050e80751","/_next/static/chunks/498-947736e7002b73ad.js":"7f497a8b4f7816fa5c3a2526c31c661db971ea62cea71336acbdad2deb5a39b4","/_next/static/chunks/pages/index-7bd0d0fde35c49e3.js":"e113972cae899ca94e09fd38277af9a1180ad9383e0e58313c93d169afad1778","/_next/static/chunks/pages/events-68a15a8c5dfbb0f3.js":"4d090b2b362c9d6713acffd0a5a8a129b32d2cda5e08ca5d6bf9d7a043d27d3b","/_next/static/chunks/pages/about-80c5b49e8650e0ce.js":"a45c493b4f46a56b438927d37b7ddbfedc75b99dc19373caa761ea90df5160df","/_next/static/chunks/pages/_error-cc3f077a18ea1793.js":"564abeedceeec08a8298e969e72cd01d0de2dcea054f3a2c43c9cba786ec9d6b","/_next/static/chunks/pages/_app-4e17403e9c7b57ca.js":"d4edc0f0e60d2bbc060025e8d9bbd91ec84dbf844d36dfa9221fcc147d5b7798","/_next/static/chunks/pages/notice/[id]-cb7a3e90129fb036.js":"8faba6e8600bee3e80140c4d42dbb88b694c907584cad9f4d581cf1f9bcdf26a","/logo.png":"1647709e2aa6df8e7b3db8a8dec6fade6032f6f57c877ce22d12158063992a8a","/images/member4.jpg":"1647709e2aa6df8e7b3db8a8dec6fade6032f6f57c877ce22d12158063992a8a","/images/student-council.jpg":"1647709e2aa6df8e7b3db8a8dec6fade6032f6f57c877ce22d12158063992a8a","/images/member6.jpg":"1647709e2aa6df8e7b3db8a8dec6fade6032f6f57c877ce22d12158063992a8a","/images/member5.jpg":"1647709e2aa6df8e7b3db8a8dec6fade6032f6f57c877ce22d12158063992a8a","/images/member2.jpg":"1647709e2aa6df8e7b3db8a8dec6fade6032f6f57c877ce22d12158063992a8a","/images/member3.jpg":"1647709e2aa6df8e7b3db8a8dec6fade6032f6f57c877ce22d12158063992a8a","/images/event-welcome.jpg":"1647709e2aa6df8e7b3db8a8dec6fade6032f6f57c877ce22d12158063992a8a","/images/member1.jpg":"1647709e2aa6df8e7b3db8a8dec6fade6032f6f57c877ce22d12158063992a8a","/_next/static/chunks/pages/events/[id]-8fa8019211e066be.js":"14fa6d2de8883956b0bdba8f97d8d33954a208b3078caa5cee2b213511b2e1ad","/_next/static/5-wVr2d_vlVlbmXKqVF__/_ssgManifest.js":"2310758934cf82864c7f5043ef8d0a688c45a5078b0add1db2d762ada9ffaf9a","/_next/static/5-wVr2d_vlVlbmXKqVF__/_buildManifest.js":"3f655081eb682ab4fea4349df2960659c818175f5fc2bc5c7023605b92f8016f","/images/event-seminar.jpg":"1647709e2aa6df8e7b3db8a8dec6fade6032f6f57c877ce22d12158063992a8a","/images/activity6.jpg":"1647709e2aa6df8e7b3db8a8dec6fade6032f6f57c877ce22d12158063992a8a","/images/event-sports.jpg":"1647709e2aa6df8e7b3db8a8dec6fade6032f6f57c877ce22d12158063992a8a","/_next/data/5-wVr2d_vlVlbmXKqVF__/notice/2.json":"9d23d87b215368fadc3e703eedd706887aecb60ea6204ee1843c7990fb66548d","/images/activity5.jpg":"1647709e2aa6df8e7b3db8a8dec6fade6032f6f57c877ce22d12158063992a8a","/images/event-career.jpg":"1647709e2aa6df8e7b3db8a8dec6fade6032f6f57c877ce22d12158063992a8a","/images/activity4.jpg":"1647709e2aa6df8e7b3db8a8dec6fade6032f6f57c877ce22d12158063992a8a","/images/activity2.jpg":"1647709e2aa6df8e7b3db8a8dec6fade6032f6f57c877ce22d12158063992a8a","/images/activity3.jpg":"1647709e2aa6df8e7b3db8a8dec6fade6032f6f57c877ce22d12158063992a8a","/images/rental/sports.jpg":"1647709e2aa6df8e7b3db8a8dec6fade6032f6f57c877ce22d12158063992a8a","/_next/data/5-wVr2d_vlVlbmXKqVF__/notice/1.json":"3140dbd760950fc151e66a4005a771097c2f61a7ab7f49cb28263386693c61d2","/images/activity1.jpg":"1647709e2aa6df8e7b3db8a8dec6fade6032f6f57c877ce22d12158063992a8a","/images/rental/desk.jpg":"1647709e2aa6df8e7b3db8a8dec6fade6032f6f57c877ce22d12158063992a8a","/images/rental/laptop.jpg":"1647709e2aa6df8e7b3db8a8dec6fade6032f6f57c877ce22d12158063992a8a","/images/rental/speaker.jpg":"1647709e2aa6df8e7b3db8a8dec6fade6032f6f57c877ce22d12158063992a8a","/images/events/welcome.jpg":"1647709e2aa6df8e7b3db8a8dec6fade6032f6f57c877ce22d12158063992a8a","/images/rental/camera.jpg":"1647709e2aa6df8e7b3db8a8dec6fade6032f6f57c877ce22d12158063992a8a","/images/rental/projector.jpg":"1647709e2aa6df8e7b3db8a8dec6fade6032f6f57c877ce22d12158063992a8a","/images/rental/mat.jpg":"1647709e2aa6df8e7b3db8a8dec6fade6032f6f57c877ce22d12158063992a8a","/images/events/sports.jpg":"1647709e2aa6df8e7b3db8a8dec6fade6032f6f57c877ce22d12158063992a8a","/images/rental/chair.jpg":"1647709e2aa6df8e7b3db8a8dec6fade6032f6f57c877ce22d12158063992a8a","/images/events/festival.jpg":"1647709e2aa6df8e7b3db8a8dec6fade6032f6f57c877ce22d12158063992a8a","/images/events/programming.jpg":"1647709e2aa6df8e7b3db8a8dec6fade6032f6f57c877ce22d12158063992a8a","/images/events/seminar.jpg":"1647709e2aa6df8e7b3db8a8dec6fade6032f6f57c877ce22d12158063992a8a","/images/events/career.jpg":"1647709e2aa6df8e7b3db8a8dec6fade6032f6f57c877ce22d12158063992a8a","/_next/data/5-wVr2d_vlVlbmXKqVF__/events/3.json":"8af77c30b57f749d33f135a03bc24996cd82a75b4c54f1a594edae8f263a69b5","/_next/data/5-wVr2d_vlVlbmXKqVF__/events/2.json":"4795ae789fedbe5745b7aaeb11546aa66ccb7af750e766c199480994d3256ea9","/images/events/job.jpg":"1647709e2aa6df8e7b3db8a8dec6fade6032f6f57c877ce22d12158063992a8a","/images/events/party.jpg":"1647709e2aa6df8e7b3db8a8dec6fade6032f6f57c877ce22d12158063992a8a","/images/events/bootcamp.jpg":"1647709e2aa6df8e7b3db8a8dec6fade6032f6f57c877ce22d12158063992a8a","/_next/data/5-wVr2d_vlVlbmXKqVF__/events/1.json":"20d31ab4da04fe3c8ed7c6eaa8fb87c919badc6342a61f8784eaba3c87256911","/404/index.html":"4b4e1004a300dee49b24df98963c2b920c31061ca749f19c7628f622b64a5015","/fonts/Pretendard-Thin.woff2":"f20afb5d74af0be820934c4f135c848d0ea6360371299d812fcfbcacb9f4009f","/fonts/Pretendard-ExtraLight.woff2":"43ba43771f400952b14418241a6bef68da7b81796a665960ba26a749b0a9377d","/fonts/Pretendard-Regular.woff2":"3fe3d7f339385d64230c6d80ab46a9efc96e55c23bed65c1aea045c37f590672","/fonts/Pretendard-Light.woff2":"9ec48a978d041b5b873e70e75af2cbdb3907fb742621a2c971c5479cb3741302","/fonts/Pretendard-SemiBold.woff2":"a824a919c1a21d252db662925ed496ad708889747e7fe96c091a22924a757331","/fonts/Pretendard-Medium.woff2":"6c4f026cff53749b82fcef90d256f7dfce05ce20509509a458adaab4982446a5","/fonts/Pretendard-Black.woff2":"63a8593701628274c4392393f64bbf9d2cd532a9b3c2456e9f37b694f45d88ff","/fonts/Pretendard-Bold.woff2":"a8d2eb8b035c2ccad4a32cd64160cb074d44437ba6670b231a30a3414e17554d","/fonts/Pretendard-ExtraBold.woff2":"d648f41ad2578d8ae1aca085ddae0ae86733493e054ba3ca23e6ac2f473a8b1c"}}
[debug] [2025-03-21T05:31:13.151Z] <<< [apiv2][status] POST https://firebasehosting.googleapis.com/v1beta1/projects/842150288087/sites/pnu-ibe/versions/998a453f2472b12b:populateFiles 200
[debug] [2025-03-21T05:31:13.151Z] <<< [apiv2][body] POST https://firebasehosting.googleapis.com/v1beta1/projects/842150288087/sites/pnu-ibe/versions/998a453f2472b12b:populateFiles {"uploadRequiredHashes":["3140dbd760950fc151e66a4005a771097c2f61a7ab7f49cb28263386693c61d2","2310758934cf82864c7f5043ef8d0a688c45a5078b0add1db2d762ada9ffaf9a","49ff845c605761705a9a16b370161c80fd01607ab1c58bd0ac58a3efc406f832","3f655081eb682ab4fea4349df2960659c818175f5fc2bc5c7023605b92f8016f","20d31ab4da04fe3c8ed7c6eaa8fb87c919badc6342a61f8784eaba3c87256911","7a05759f193c5c211daa286a605bd2f09bf2ccaf9f5f7143a93106d69b8d8e95","53d93ff09e26035c4ea98ebc12bbc2dec7982ae14e485bdb89316055718284cd","4fcfa11ec991643832cc85ae9a8ee4dcdca89b22af27106a8252b5e40d7a4e42","14fa6d2de8883956b0bdba8f97d8d33954a208b3078caa5cee2b213511b2e1ad","edaaa4b340b8eb7b780a57f99ef5789f1e2ccdb3e89ebfb6b603d419205d39c9","5a2e31495a8e1160cf0d30510de9a9ffd4909eeff95933ba00c99cba1ad68551","4795ae789fedbe5745b7aaeb11546aa66ccb7af750e766c199480994d3256ea9","8af77c30b57f749d33f135a03bc24996cd82a75b4c54f1a594edae8f263a69b5","93124ab3404f6f82f9f2f25e0a43ab1e942280d4206f46e185bee89146db6269","4d090b2b362c9d6713acffd0a5a8a129b32d2cda5e08ca5d6bf9d7a043d27d3b","8c871387207918c03a1cf9cb73a47f45c09112fad11f8ab8326bc331af7e7fef","011db13d80cbc64d5a2f8232f127c30760c9c584010e772b8cb461d4a281af65","107e1bd771ca72ae273024c3e976968d844c5bb2ccf1ab103921a252fc748bd7","4b4e1004a300dee49b24df98963c2b920c31061ca749f19c7628f622b64a5015","b21746671f774956b353fd61a2770dee9ff297623749d9e18ff3059a5e20752a","8faba6e8600bee3e80140c4d42dbb88b694c907584cad9f4d581cf1f9bcdf26a","af69d2fdffa798530c4dbc683ca4d2c81d17f76e8dd7490ee985232c53f29276","7f1fcfeff9a5b177b648698efb63eebe7626064c90ae0b2893b8ac7a664def26","e113972cae899ca94e09fd38277af9a1180ad9383e0e58313c93d169afad1778","9d23d87b215368fadc3e703eedd706887aecb60ea6204ee1843c7990fb66548d"],"uploadUrl":"https://upload-firebasehosting.googleapis.com/upload/sites/pnu-ibe/versions/998a453f2472b12b/files"}
[debug] [2025-03-21T05:31:13.151Z] Checked if tokens are valid: true, expires at: 1742536950127
[debug] [2025-03-21T05:31:13.152Z] Checked if tokens are valid: true, expires at: 1742536950127
[debug] [2025-03-21T05:31:13.152Z] Checked if tokens are valid: true, expires at: 1742536950127
[debug] [2025-03-21T05:31:13.152Z] Checked if tokens are valid: true, expires at: 1742536950127
[debug] [2025-03-21T05:31:13.152Z] Checked if tokens are valid: true, expires at: 1742536950127
[debug] [2025-03-21T05:31:13.152Z] Checked if tokens are valid: true, expires at: 1742536950127
[debug] [2025-03-21T05:31:13.152Z] Checked if tokens are valid: true, expires at: 1742536950127
[debug] [2025-03-21T05:31:13.152Z] Checked if tokens are valid: true, expires at: 1742536950127
[debug] [2025-03-21T05:31:13.152Z] Checked if tokens are valid: true, expires at: 1742536950127
[debug] [2025-03-21T05:31:13.152Z] Checked if tokens are valid: true, expires at: 1742536950127
[debug] [2025-03-21T05:31:13.152Z] Checked if tokens are valid: true, expires at: 1742536950127
[debug] [2025-03-21T05:31:13.152Z] Checked if tokens are valid: true, expires at: 1742536950127
[debug] [2025-03-21T05:31:13.152Z] Checked if tokens are valid: true, expires at: 1742536950127
[debug] [2025-03-21T05:31:13.152Z] Checked if tokens are valid: true, expires at: 1742536950127
[debug] [2025-03-21T05:31:13.152Z] Checked if tokens are valid: true, expires at: 1742536950127
[debug] [2025-03-21T05:31:13.152Z] Checked if tokens are valid: true, expires at: 1742536950127
[debug] [2025-03-21T05:31:13.152Z] Checked if tokens are valid: true, expires at: 1742536950127
[debug] [2025-03-21T05:31:13.152Z] Checked if tokens are valid: true, expires at: 1742536950127
[debug] [2025-03-21T05:31:13.152Z] Checked if tokens are valid: true, expires at: 1742536950127
[debug] [2025-03-21T05:31:13.152Z] Checked if tokens are valid: true, expires at: 1742536950127
[debug] [2025-03-21T05:31:13.152Z] Checked if tokens are valid: true, expires at: 1742536950127
[debug] [2025-03-21T05:31:13.152Z] Checked if tokens are valid: true, expires at: 1742536950127
[debug] [2025-03-21T05:31:13.152Z] Checked if tokens are valid: true, expires at: 1742536950127
[debug] [2025-03-21T05:31:13.152Z] Checked if tokens are valid: true, expires at: 1742536950127
[debug] [2025-03-21T05:31:13.152Z] Checked if tokens are valid: true, expires at: 1742536950127
[debug] [2025-03-21T05:31:13.152Z] Checked if tokens are valid: true, expires at: 1742536950127
[debug] [2025-03-21T05:31:13.152Z] Checked if tokens are valid: true, expires at: 1742536950127
[debug] [2025-03-21T05:31:13.152Z] Checked if tokens are valid: true, expires at: 1742536950127
[debug] [2025-03-21T05:31:13.152Z] Checked if tokens are valid: true, expires at: 1742536950127
[debug] [2025-03-21T05:31:13.152Z] Checked if tokens are valid: true, expires at: 1742536950127
[debug] [2025-03-21T05:31:13.152Z] Checked if tokens are valid: true, expires at: 1742536950127
[debug] [2025-03-21T05:31:13.152Z] Checked if tokens are valid: true, expires at: 1742536950127
[debug] [2025-03-21T05:31:13.152Z] Checked if tokens are valid: true, expires at: 1742536950127
[debug] [2025-03-21T05:31:13.152Z] Checked if tokens are valid: true, expires at: 1742536950127
[debug] [2025-03-21T05:31:13.152Z] Checked if tokens are valid: true, expires at: 1742536950127
[debug] [2025-03-21T05:31:13.152Z] Checked if tokens are valid: true, expires at: 1742536950127
[debug] [2025-03-21T05:31:13.152Z] Checked if tokens are valid: true, expires at: 1742536950127
[debug] [2025-03-21T05:31:13.153Z] Checked if tokens are valid: true, expires at: 1742536950127
[debug] [2025-03-21T05:31:13.153Z] Checked if tokens are valid: true, expires at: 1742536950127
[debug] [2025-03-21T05:31:13.153Z] Checked if tokens are valid: true, expires at: 1742536950127
[debug] [2025-03-21T05:31:13.153Z] Checked if tokens are valid: true, expires at: 1742536950127
[debug] [2025-03-21T05:31:13.153Z] Checked if tokens are valid: true, expires at: 1742536950127
[debug] [2025-03-21T05:31:13.153Z] Checked if tokens are valid: true, expires at: 1742536950127
[debug] [2025-03-21T05:31:13.153Z] Checked if tokens are valid: true, expires at: 1742536950127
[debug] [2025-03-21T05:31:13.153Z] Checked if tokens are valid: true, expires at: 1742536950127
[debug] [2025-03-21T05:31:13.153Z] Checked if tokens are valid: true, expires at: 1742536950127
[debug] [2025-03-21T05:31:13.153Z] Checked if tokens are valid: true, expires at: 1742536950127
[debug] [2025-03-21T05:31:13.153Z] Checked if tokens are valid: true, expires at: 1742536950127
[debug] [2025-03-21T05:31:13.153Z] Checked if tokens are valid: true, expires at: 1742536950127
[debug] [2025-03-21T05:31:13.153Z] Checked if tokens are valid: true, expires at: 1742536950127
[debug] [2025-03-21T05:31:13.153Z] >>> [apiv2][query] POST https://upload-firebasehosting.googleapis.com/upload/sites/pnu-ibe/versions/998a453f2472b12b/files/3140dbd760950fc151e66a4005a771097c2f61a7ab7f49cb28263386693c61d2 [none]
[debug] [2025-03-21T05:31:13.153Z] >>> [apiv2][body] POST https://upload-firebasehosting.googleapis.com/upload/sites/pnu-ibe/versions/998a453f2472b12b/files/3140dbd760950fc151e66a4005a771097c2f61a7ab7f49cb28263386693c61d2 [stream]
[debug] [2025-03-21T05:31:13.154Z] >>> [apiv2][query] POST https://upload-firebasehosting.googleapis.com/upload/sites/pnu-ibe/versions/998a453f2472b12b/files/2310758934cf82864c7f5043ef8d0a688c45a5078b0add1db2d762ada9ffaf9a [none]
[debug] [2025-03-21T05:31:13.154Z] >>> [apiv2][body] POST https://upload-firebasehosting.googleapis.com/upload/sites/pnu-ibe/versions/998a453f2472b12b/files/2310758934cf82864c7f5043ef8d0a688c45a5078b0add1db2d762ada9ffaf9a [stream]
[debug] [2025-03-21T05:31:13.154Z] >>> [apiv2][query] POST https://upload-firebasehosting.googleapis.com/upload/sites/pnu-ibe/versions/998a453f2472b12b/files/49ff845c605761705a9a16b370161c80fd01607ab1c58bd0ac58a3efc406f832 [none]
[debug] [2025-03-21T05:31:13.154Z] >>> [apiv2][body] POST https://upload-firebasehosting.googleapis.com/upload/sites/pnu-ibe/versions/998a453f2472b12b/files/49ff845c605761705a9a16b370161c80fd01607ab1c58bd0ac58a3efc406f832 [stream]
[debug] [2025-03-21T05:31:13.155Z] >>> [apiv2][query] POST https://upload-firebasehosting.googleapis.com/upload/sites/pnu-ibe/versions/998a453f2472b12b/files/3f655081eb682ab4fea4349df2960659c818175f5fc2bc5c7023605b92f8016f [none]
[debug] [2025-03-21T05:31:13.155Z] >>> [apiv2][body] POST https://upload-firebasehosting.googleapis.com/upload/sites/pnu-ibe/versions/998a453f2472b12b/files/3f655081eb682ab4fea4349df2960659c818175f5fc2bc5c7023605b92f8016f [stream]
[debug] [2025-03-21T05:31:13.155Z] >>> [apiv2][query] POST https://upload-firebasehosting.googleapis.com/upload/sites/pnu-ibe/versions/998a453f2472b12b/files/20d31ab4da04fe3c8ed7c6eaa8fb87c919badc6342a61f8784eaba3c87256911 [none]
[debug] [2025-03-21T05:31:13.155Z] >>> [apiv2][body] POST https://upload-firebasehosting.googleapis.com/upload/sites/pnu-ibe/versions/998a453f2472b12b/files/20d31ab4da04fe3c8ed7c6eaa8fb87c919badc6342a61f8784eaba3c87256911 [stream]
[debug] [2025-03-21T05:31:13.157Z] >>> [apiv2][query] POST https://upload-firebasehosting.googleapis.com/upload/sites/pnu-ibe/versions/998a453f2472b12b/files/7a05759f193c5c211daa286a605bd2f09bf2ccaf9f5f7143a93106d69b8d8e95 [none]
[debug] [2025-03-21T05:31:13.157Z] >>> [apiv2][body] POST https://upload-firebasehosting.googleapis.com/upload/sites/pnu-ibe/versions/998a453f2472b12b/files/7a05759f193c5c211daa286a605bd2f09bf2ccaf9f5f7143a93106d69b8d8e95 [stream]
[debug] [2025-03-21T05:31:13.157Z] >>> [apiv2][query] POST https://upload-firebasehosting.googleapis.com/upload/sites/pnu-ibe/versions/998a453f2472b12b/files/53d93ff09e26035c4ea98ebc12bbc2dec7982ae14e485bdb89316055718284cd [none]
[debug] [2025-03-21T05:31:13.157Z] >>> [apiv2][body] POST https://upload-firebasehosting.googleapis.com/upload/sites/pnu-ibe/versions/998a453f2472b12b/files/53d93ff09e26035c4ea98ebc12bbc2dec7982ae14e485bdb89316055718284cd [stream]
[debug] [2025-03-21T05:31:13.157Z] >>> [apiv2][query] POST https://upload-firebasehosting.googleapis.com/upload/sites/pnu-ibe/versions/998a453f2472b12b/files/4fcfa11ec991643832cc85ae9a8ee4dcdca89b22af27106a8252b5e40d7a4e42 [none]
[debug] [2025-03-21T05:31:13.157Z] >>> [apiv2][body] POST https://upload-firebasehosting.googleapis.com/upload/sites/pnu-ibe/versions/998a453f2472b12b/files/4fcfa11ec991643832cc85ae9a8ee4dcdca89b22af27106a8252b5e40d7a4e42 [stream]
[debug] [2025-03-21T05:31:13.158Z] >>> [apiv2][query] POST https://upload-firebasehosting.googleapis.com/upload/sites/pnu-ibe/versions/998a453f2472b12b/files/14fa6d2de8883956b0bdba8f97d8d33954a208b3078caa5cee2b213511b2e1ad [none]
[debug] [2025-03-21T05:31:13.158Z] >>> [apiv2][body] POST https://upload-firebasehosting.googleapis.com/upload/sites/pnu-ibe/versions/998a453f2472b12b/files/14fa6d2de8883956b0bdba8f97d8d33954a208b3078caa5cee2b213511b2e1ad [stream]
[debug] [2025-03-21T05:31:13.158Z] >>> [apiv2][query] POST https://upload-firebasehosting.googleapis.com/upload/sites/pnu-ibe/versions/998a453f2472b12b/files/edaaa4b340b8eb7b780a57f99ef5789f1e2ccdb3e89ebfb6b603d419205d39c9 [none]
[debug] [2025-03-21T05:31:13.158Z] >>> [apiv2][body] POST https://upload-firebasehosting.googleapis.com/upload/sites/pnu-ibe/versions/998a453f2472b12b/files/edaaa4b340b8eb7b780a57f99ef5789f1e2ccdb3e89ebfb6b603d419205d39c9 [stream]
[debug] [2025-03-21T05:31:13.158Z] >>> [apiv2][query] POST https://upload-firebasehosting.googleapis.com/upload/sites/pnu-ibe/versions/998a453f2472b12b/files/5a2e31495a8e1160cf0d30510de9a9ffd4909eeff95933ba00c99cba1ad68551 [none]
[debug] [2025-03-21T05:31:13.158Z] >>> [apiv2][body] POST https://upload-firebasehosting.googleapis.com/upload/sites/pnu-ibe/versions/998a453f2472b12b/files/5a2e31495a8e1160cf0d30510de9a9ffd4909eeff95933ba00c99cba1ad68551 [stream]
[debug] [2025-03-21T05:31:13.159Z] >>> [apiv2][query] POST https://upload-firebasehosting.googleapis.com/upload/sites/pnu-ibe/versions/998a453f2472b12b/files/4795ae789fedbe5745b7aaeb11546aa66ccb7af750e766c199480994d3256ea9 [none]
[debug] [2025-03-21T05:31:13.159Z] >>> [apiv2][body] POST https://upload-firebasehosting.googleapis.com/upload/sites/pnu-ibe/versions/998a453f2472b12b/files/4795ae789fedbe5745b7aaeb11546aa66ccb7af750e766c199480994d3256ea9 [stream]
[debug] [2025-03-21T05:31:13.159Z] >>> [apiv2][query] POST https://upload-firebasehosting.googleapis.com/upload/sites/pnu-ibe/versions/998a453f2472b12b/files/8af77c30b57f749d33f135a03bc24996cd82a75b4c54f1a594edae8f263a69b5 [none]
[debug] [2025-03-21T05:31:13.159Z] >>> [apiv2][body] POST https://upload-firebasehosting.googleapis.com/upload/sites/pnu-ibe/versions/998a453f2472b12b/files/8af77c30b57f749d33f135a03bc24996cd82a75b4c54f1a594edae8f263a69b5 [stream]
[debug] [2025-03-21T05:31:13.159Z] >>> [apiv2][query] POST https://upload-firebasehosting.googleapis.com/upload/sites/pnu-ibe/versions/998a453f2472b12b/files/93124ab3404f6f82f9f2f25e0a43ab1e942280d4206f46e185bee89146db6269 [none]
[debug] [2025-03-21T05:31:13.159Z] >>> [apiv2][body] POST https://upload-firebasehosting.googleapis.com/upload/sites/pnu-ibe/versions/998a453f2472b12b/files/93124ab3404f6f82f9f2f25e0a43ab1e942280d4206f46e185bee89146db6269 [stream]
[debug] [2025-03-21T05:31:13.159Z] >>> [apiv2][query] POST https://upload-firebasehosting.googleapis.com/upload/sites/pnu-ibe/versions/998a453f2472b12b/files/4d090b2b362c9d6713acffd0a5a8a129b32d2cda5e08ca5d6bf9d7a043d27d3b [none]
[debug] [2025-03-21T05:31:13.159Z] >>> [apiv2][body] POST https://upload-firebasehosting.googleapis.com/upload/sites/pnu-ibe/versions/998a453f2472b12b/files/4d090b2b362c9d6713acffd0a5a8a129b32d2cda5e08ca5d6bf9d7a043d27d3b [stream]
[debug] [2025-03-21T05:31:13.160Z] >>> [apiv2][query] POST https://upload-firebasehosting.googleapis.com/upload/sites/pnu-ibe/versions/998a453f2472b12b/files/8c871387207918c03a1cf9cb73a47f45c09112fad11f8ab8326bc331af7e7fef [none]
[debug] [2025-03-21T05:31:13.160Z] >>> [apiv2][body] POST https://upload-firebasehosting.googleapis.com/upload/sites/pnu-ibe/versions/998a453f2472b12b/files/8c871387207918c03a1cf9cb73a47f45c09112fad11f8ab8326bc331af7e7fef [stream]
[debug] [2025-03-21T05:31:13.160Z] >>> [apiv2][query] POST https://upload-firebasehosting.googleapis.com/upload/sites/pnu-ibe/versions/998a453f2472b12b/files/011db13d80cbc64d5a2f8232f127c30760c9c584010e772b8cb461d4a281af65 [none]
[debug] [2025-03-21T05:31:13.160Z] >>> [apiv2][body] POST https://upload-firebasehosting.googleapis.com/upload/sites/pnu-ibe/versions/998a453f2472b12b/files/011db13d80cbc64d5a2f8232f127c30760c9c584010e772b8cb461d4a281af65 [stream]
[debug] [2025-03-21T05:31:13.160Z] >>> [apiv2][query] POST https://upload-firebasehosting.googleapis.com/upload/sites/pnu-ibe/versions/998a453f2472b12b/files/107e1bd771ca72ae273024c3e976968d844c5bb2ccf1ab103921a252fc748bd7 [none]
[debug] [2025-03-21T05:31:13.160Z] >>> [apiv2][body] POST https://upload-firebasehosting.googleapis.com/upload/sites/pnu-ibe/versions/998a453f2472b12b/files/107e1bd771ca72ae273024c3e976968d844c5bb2ccf1ab103921a252fc748bd7 [stream]
[debug] [2025-03-21T05:31:13.160Z] >>> [apiv2][query] POST https://upload-firebasehosting.googleapis.com/upload/sites/pnu-ibe/versions/998a453f2472b12b/files/4b4e1004a300dee49b24df98963c2b920c31061ca749f19c7628f622b64a5015 [none]
[debug] [2025-03-21T05:31:13.160Z] >>> [apiv2][body] POST https://upload-firebasehosting.googleapis.com/upload/sites/pnu-ibe/versions/998a453f2472b12b/files/4b4e1004a300dee49b24df98963c2b920c31061ca749f19c7628f622b64a5015 [stream]
[debug] [2025-03-21T05:31:13.161Z] >>> [apiv2][query] POST https://upload-firebasehosting.googleapis.com/upload/sites/pnu-ibe/versions/998a453f2472b12b/files/b21746671f774956b353fd61a2770dee9ff297623749d9e18ff3059a5e20752a [none]
[debug] [2025-03-21T05:31:13.161Z] >>> [apiv2][body] POST https://upload-firebasehosting.googleapis.com/upload/sites/pnu-ibe/versions/998a453f2472b12b/files/b21746671f774956b353fd61a2770dee9ff297623749d9e18ff3059a5e20752a [stream]
[debug] [2025-03-21T05:31:13.161Z] >>> [apiv2][query] POST https://upload-firebasehosting.googleapis.com/upload/sites/pnu-ibe/versions/998a453f2472b12b/files/8faba6e8600bee3e80140c4d42dbb88b694c907584cad9f4d581cf1f9bcdf26a [none]
[debug] [2025-03-21T05:31:13.161Z] >>> [apiv2][body] POST https://upload-firebasehosting.googleapis.com/upload/sites/pnu-ibe/versions/998a453f2472b12b/files/8faba6e8600bee3e80140c4d42dbb88b694c907584cad9f4d581cf1f9bcdf26a [stream]
[debug] [2025-03-21T05:31:13.161Z] >>> [apiv2][query] POST https://upload-firebasehosting.googleapis.com/upload/sites/pnu-ibe/versions/998a453f2472b12b/files/af69d2fdffa798530c4dbc683ca4d2c81d17f76e8dd7490ee985232c53f29276 [none]
[debug] [2025-03-21T05:31:13.161Z] >>> [apiv2][body] POST https://upload-firebasehosting.googleapis.com/upload/sites/pnu-ibe/versions/998a453f2472b12b/files/af69d2fdffa798530c4dbc683ca4d2c81d17f76e8dd7490ee985232c53f29276 [stream]
[debug] [2025-03-21T05:31:13.161Z] >>> [apiv2][query] POST https://upload-firebasehosting.googleapis.com/upload/sites/pnu-ibe/versions/998a453f2472b12b/files/7f1fcfeff9a5b177b648698efb63eebe7626064c90ae0b2893b8ac7a664def26 [none]
[debug] [2025-03-21T05:31:13.161Z] >>> [apiv2][body] POST https://upload-firebasehosting.googleapis.com/upload/sites/pnu-ibe/versions/998a453f2472b12b/files/7f1fcfeff9a5b177b648698efb63eebe7626064c90ae0b2893b8ac7a664def26 [stream]
[debug] [2025-03-21T05:31:13.161Z] >>> [apiv2][query] POST https://upload-firebasehosting.googleapis.com/upload/sites/pnu-ibe/versions/998a453f2472b12b/files/e113972cae899ca94e09fd38277af9a1180ad9383e0e58313c93d169afad1778 [none]
[debug] [2025-03-21T05:31:13.161Z] >>> [apiv2][body] POST https://upload-firebasehosting.googleapis.com/upload/sites/pnu-ibe/versions/998a453f2472b12b/files/e113972cae899ca94e09fd38277af9a1180ad9383e0e58313c93d169afad1778 [stream]
[debug] [2025-03-21T05:31:13.162Z] >>> [apiv2][query] POST https://upload-firebasehosting.googleapis.com/upload/sites/pnu-ibe/versions/998a453f2472b12b/files/9d23d87b215368fadc3e703eedd706887aecb60ea6204ee1843c7990fb66548d [none]
[debug] [2025-03-21T05:31:13.162Z] >>> [apiv2][body] POST https://upload-firebasehosting.googleapis.com/upload/sites/pnu-ibe/versions/998a453f2472b12b/files/9d23d87b215368fadc3e703eedd706887aecb60ea6204ee1843c7990fb66548d [stream]
[debug] [2025-03-21T05:31:13.162Z] [hosting][populate queue][FINAL] {"max":561,"min":561,"avg":561,"active":0,"complete":1,"success":1,"errored":0,"retried":0,"total":1,"elapsed":570}
[debug] [2025-03-21T05:31:13.162Z] [hosting] uploads queued: 25
[debug] [2025-03-21T05:31:14.335Z] <<< [apiv2][status] POST https://upload-firebasehosting.googleapis.com/upload/sites/pnu-ibe/versions/998a453f2472b12b/files/14fa6d2de8883956b0bdba8f97d8d33954a208b3078caa5cee2b213511b2e1ad 200
[debug] [2025-03-21T05:31:14.335Z] <<< [apiv2][body] POST https://upload-firebasehosting.googleapis.com/upload/sites/pnu-ibe/versions/998a453f2472b12b/files/14fa6d2de8883956b0bdba8f97d8d33954a208b3078caa5cee2b213511b2e1ad [stream]
[debug] [2025-03-21T05:31:14.345Z] <<< [apiv2][status] POST https://upload-firebasehosting.googleapis.com/upload/sites/pnu-ibe/versions/998a453f2472b12b/files/af69d2fdffa798530c4dbc683ca4d2c81d17f76e8dd7490ee985232c53f29276 200
[debug] [2025-03-21T05:31:14.345Z] <<< [apiv2][body] POST https://upload-firebasehosting.googleapis.com/upload/sites/pnu-ibe/versions/998a453f2472b12b/files/af69d2fdffa798530c4dbc683ca4d2c81d17f76e8dd7490ee985232c53f29276 [stream]
[debug] [2025-03-21T05:31:14.369Z] <<< [apiv2][status] POST https://upload-firebasehosting.googleapis.com/upload/sites/pnu-ibe/versions/998a453f2472b12b/files/8faba6e8600bee3e80140c4d42dbb88b694c907584cad9f4d581cf1f9bcdf26a 200
[debug] [2025-03-21T05:31:14.369Z] <<< [apiv2][body] POST https://upload-firebasehosting.googleapis.com/upload/sites/pnu-ibe/versions/998a453f2472b12b/files/8faba6e8600bee3e80140c4d42dbb88b694c907584cad9f4d581cf1f9bcdf26a [stream]
[debug] [2025-03-21T05:31:14.403Z] <<< [apiv2][status] POST https://upload-firebasehosting.googleapis.com/upload/sites/pnu-ibe/versions/998a453f2472b12b/files/9d23d87b215368fadc3e703eedd706887aecb60ea6204ee1843c7990fb66548d 200
[debug] [2025-03-21T05:31:14.403Z] <<< [apiv2][body] POST https://upload-firebasehosting.googleapis.com/upload/sites/pnu-ibe/versions/998a453f2472b12b/files/9d23d87b215368fadc3e703eedd706887aecb60ea6204ee1843c7990fb66548d [stream]
[debug] [2025-03-21T05:31:14.403Z] <<< [apiv2][status] POST https://upload-firebasehosting.googleapis.com/upload/sites/pnu-ibe/versions/998a453f2472b12b/files/011db13d80cbc64d5a2f8232f127c30760c9c584010e772b8cb461d4a281af65 200
[debug] [2025-03-21T05:31:14.403Z] <<< [apiv2][body] POST https://upload-firebasehosting.googleapis.com/upload/sites/pnu-ibe/versions/998a453f2472b12b/files/011db13d80cbc64d5a2f8232f127c30760c9c584010e772b8cb461d4a281af65 [stream]
[debug] [2025-03-21T05:31:14.429Z] <<< [apiv2][status] POST https://upload-firebasehosting.googleapis.com/upload/sites/pnu-ibe/versions/998a453f2472b12b/files/2310758934cf82864c7f5043ef8d0a688c45a5078b0add1db2d762ada9ffaf9a 200
[debug] [2025-03-21T05:31:14.429Z] <<< [apiv2][body] POST https://upload-firebasehosting.googleapis.com/upload/sites/pnu-ibe/versions/998a453f2472b12b/files/2310758934cf82864c7f5043ef8d0a688c45a5078b0add1db2d762ada9ffaf9a [stream]
[debug] [2025-03-21T05:31:14.437Z] <<< [apiv2][status] POST https://upload-firebasehosting.googleapis.com/upload/sites/pnu-ibe/versions/998a453f2472b12b/files/8c871387207918c03a1cf9cb73a47f45c09112fad11f8ab8326bc331af7e7fef 200
[debug] [2025-03-21T05:31:14.437Z] <<< [apiv2][body] POST https://upload-firebasehosting.googleapis.com/upload/sites/pnu-ibe/versions/998a453f2472b12b/files/8c871387207918c03a1cf9cb73a47f45c09112fad11f8ab8326bc331af7e7fef [stream]
[debug] [2025-03-21T05:31:14.461Z] <<< [apiv2][status] POST https://upload-firebasehosting.googleapis.com/upload/sites/pnu-ibe/versions/998a453f2472b12b/files/93124ab3404f6f82f9f2f25e0a43ab1e942280d4206f46e185bee89146db6269 200
[debug] [2025-03-21T05:31:14.461Z] <<< [apiv2][body] POST https://upload-firebasehosting.googleapis.com/upload/sites/pnu-ibe/versions/998a453f2472b12b/files/93124ab3404f6f82f9f2f25e0a43ab1e942280d4206f46e185bee89146db6269 [stream]
[debug] [2025-03-21T05:31:14.491Z] <<< [apiv2][status] POST https://upload-firebasehosting.googleapis.com/upload/sites/pnu-ibe/versions/998a453f2472b12b/files/4fcfa11ec991643832cc85ae9a8ee4dcdca89b22af27106a8252b5e40d7a4e42 200
[debug] [2025-03-21T05:31:14.491Z] <<< [apiv2][body] POST https://upload-firebasehosting.googleapis.com/upload/sites/pnu-ibe/versions/998a453f2472b12b/files/4fcfa11ec991643832cc85ae9a8ee4dcdca89b22af27106a8252b5e40d7a4e42 [stream]
[debug] [2025-03-21T05:31:14.494Z] <<< [apiv2][status] POST https://upload-firebasehosting.googleapis.com/upload/sites/pnu-ibe/versions/998a453f2472b12b/files/49ff845c605761705a9a16b370161c80fd01607ab1c58bd0ac58a3efc406f832 200
[debug] [2025-03-21T05:31:14.494Z] <<< [apiv2][body] POST https://upload-firebasehosting.googleapis.com/upload/sites/pnu-ibe/versions/998a453f2472b12b/files/49ff845c605761705a9a16b370161c80fd01607ab1c58bd0ac58a3efc406f832 [stream]
[debug] [2025-03-21T05:31:14.533Z] <<< [apiv2][status] POST https://upload-firebasehosting.googleapis.com/upload/sites/pnu-ibe/versions/998a453f2472b12b/files/3140dbd760950fc151e66a4005a771097c2f61a7ab7f49cb28263386693c61d2 200
[debug] [2025-03-21T05:31:14.533Z] <<< [apiv2][body] POST https://upload-firebasehosting.googleapis.com/upload/sites/pnu-ibe/versions/998a453f2472b12b/files/3140dbd760950fc151e66a4005a771097c2f61a7ab7f49cb28263386693c61d2 [stream]
[debug] [2025-03-21T05:31:14.535Z] <<< [apiv2][status] POST https://upload-firebasehosting.googleapis.com/upload/sites/pnu-ibe/versions/998a453f2472b12b/files/53d93ff09e26035c4ea98ebc12bbc2dec7982ae14e485bdb89316055718284cd 200
[debug] [2025-03-21T05:31:14.535Z] <<< [apiv2][body] POST https://upload-firebasehosting.googleapis.com/upload/sites/pnu-ibe/versions/998a453f2472b12b/files/53d93ff09e26035c4ea98ebc12bbc2dec7982ae14e485bdb89316055718284cd [stream]
[debug] [2025-03-21T05:31:14.589Z] <<< [apiv2][status] POST https://upload-firebasehosting.googleapis.com/upload/sites/pnu-ibe/versions/998a453f2472b12b/files/4b4e1004a300dee49b24df98963c2b920c31061ca749f19c7628f622b64a5015 200
[debug] [2025-03-21T05:31:14.589Z] <<< [apiv2][body] POST https://upload-firebasehosting.googleapis.com/upload/sites/pnu-ibe/versions/998a453f2472b12b/files/4b4e1004a300dee49b24df98963c2b920c31061ca749f19c7628f622b64a5015 [stream]
[debug] [2025-03-21T05:31:14.615Z] <<< [apiv2][status] POST https://upload-firebasehosting.googleapis.com/upload/sites/pnu-ibe/versions/998a453f2472b12b/files/e113972cae899ca94e09fd38277af9a1180ad9383e0e58313c93d169afad1778 200
[debug] [2025-03-21T05:31:14.615Z] <<< [apiv2][body] POST https://upload-firebasehosting.googleapis.com/upload/sites/pnu-ibe/versions/998a453f2472b12b/files/e113972cae899ca94e09fd38277af9a1180ad9383e0e58313c93d169afad1778 [stream]
[debug] [2025-03-21T05:31:14.638Z] <<< [apiv2][status] POST https://upload-firebasehosting.googleapis.com/upload/sites/pnu-ibe/versions/998a453f2472b12b/files/5a2e31495a8e1160cf0d30510de9a9ffd4909eeff95933ba00c99cba1ad68551 200
[debug] [2025-03-21T05:31:14.638Z] <<< [apiv2][body] POST https://upload-firebasehosting.googleapis.com/upload/sites/pnu-ibe/versions/998a453f2472b12b/files/5a2e31495a8e1160cf0d30510de9a9ffd4909eeff95933ba00c99cba1ad68551 [stream]
[debug] [2025-03-21T05:31:14.649Z] <<< [apiv2][status] POST https://upload-firebasehosting.googleapis.com/upload/sites/pnu-ibe/versions/998a453f2472b12b/files/4d090b2b362c9d6713acffd0a5a8a129b32d2cda5e08ca5d6bf9d7a043d27d3b 200
[debug] [2025-03-21T05:31:14.649Z] <<< [apiv2][body] POST https://upload-firebasehosting.googleapis.com/upload/sites/pnu-ibe/versions/998a453f2472b12b/files/4d090b2b362c9d6713acffd0a5a8a129b32d2cda5e08ca5d6bf9d7a043d27d3b [stream]
[debug] [2025-03-21T05:31:14.665Z] <<< [apiv2][status] POST https://upload-firebasehosting.googleapis.com/upload/sites/pnu-ibe/versions/998a453f2472b12b/files/7a05759f193c5c211daa286a605bd2f09bf2ccaf9f5f7143a93106d69b8d8e95 200
[debug] [2025-03-21T05:31:14.665Z] <<< [apiv2][body] POST https://upload-firebasehosting.googleapis.com/upload/sites/pnu-ibe/versions/998a453f2472b12b/files/7a05759f193c5c211daa286a605bd2f09bf2ccaf9f5f7143a93106d69b8d8e95 [stream]
[debug] [2025-03-21T05:31:14.805Z] <<< [apiv2][status] POST https://upload-firebasehosting.googleapis.com/upload/sites/pnu-ibe/versions/998a453f2472b12b/files/7f1fcfeff9a5b177b648698efb63eebe7626064c90ae0b2893b8ac7a664def26 200
[debug] [2025-03-21T05:31:14.805Z] <<< [apiv2][body] POST https://upload-firebasehosting.googleapis.com/upload/sites/pnu-ibe/versions/998a453f2472b12b/files/7f1fcfeff9a5b177b648698efb63eebe7626064c90ae0b2893b8ac7a664def26 [stream]
[debug] [2025-03-21T05:31:14.818Z] <<< [apiv2][status] POST https://upload-firebasehosting.googleapis.com/upload/sites/pnu-ibe/versions/998a453f2472b12b/files/8af77c30b57f749d33f135a03bc24996cd82a75b4c54f1a594edae8f263a69b5 200
[debug] [2025-03-21T05:31:14.818Z] <<< [apiv2][body] POST https://upload-firebasehosting.googleapis.com/upload/sites/pnu-ibe/versions/998a453f2472b12b/files/8af77c30b57f749d33f135a03bc24996cd82a75b4c54f1a594edae8f263a69b5 [stream]
[debug] [2025-03-21T05:31:14.837Z] <<< [apiv2][status] POST https://upload-firebasehosting.googleapis.com/upload/sites/pnu-ibe/versions/998a453f2472b12b/files/20d31ab4da04fe3c8ed7c6eaa8fb87c919badc6342a61f8784eaba3c87256911 200
[debug] [2025-03-21T05:31:14.837Z] <<< [apiv2][body] POST https://upload-firebasehosting.googleapis.com/upload/sites/pnu-ibe/versions/998a453f2472b12b/files/20d31ab4da04fe3c8ed7c6eaa8fb87c919badc6342a61f8784eaba3c87256911 [stream]
[debug] [2025-03-21T05:31:14.902Z] <<< [apiv2][status] POST https://upload-firebasehosting.googleapis.com/upload/sites/pnu-ibe/versions/998a453f2472b12b/files/4795ae789fedbe5745b7aaeb11546aa66ccb7af750e766c199480994d3256ea9 200
[debug] [2025-03-21T05:31:14.902Z] <<< [apiv2][body] POST https://upload-firebasehosting.googleapis.com/upload/sites/pnu-ibe/versions/998a453f2472b12b/files/4795ae789fedbe5745b7aaeb11546aa66ccb7af750e766c199480994d3256ea9 [stream]
[debug] [2025-03-21T05:31:14.902Z] <<< [apiv2][status] POST https://upload-firebasehosting.googleapis.com/upload/sites/pnu-ibe/versions/998a453f2472b12b/files/107e1bd771ca72ae273024c3e976968d844c5bb2ccf1ab103921a252fc748bd7 200
[debug] [2025-03-21T05:31:14.902Z] <<< [apiv2][body] POST https://upload-firebasehosting.googleapis.com/upload/sites/pnu-ibe/versions/998a453f2472b12b/files/107e1bd771ca72ae273024c3e976968d844c5bb2ccf1ab103921a252fc748bd7 [stream]
[debug] [2025-03-21T05:31:14.929Z] <<< [apiv2][status] POST https://upload-firebasehosting.googleapis.com/upload/sites/pnu-ibe/versions/998a453f2472b12b/files/b21746671f774956b353fd61a2770dee9ff297623749d9e18ff3059a5e20752a 200
[debug] [2025-03-21T05:31:14.929Z] <<< [apiv2][body] POST https://upload-firebasehosting.googleapis.com/upload/sites/pnu-ibe/versions/998a453f2472b12b/files/b21746671f774956b353fd61a2770dee9ff297623749d9e18ff3059a5e20752a [stream]
[debug] [2025-03-21T05:31:15.053Z] <<< [apiv2][status] POST https://upload-firebasehosting.googleapis.com/upload/sites/pnu-ibe/versions/998a453f2472b12b/files/3f655081eb682ab4fea4349df2960659c818175f5fc2bc5c7023605b92f8016f 200
[debug] [2025-03-21T05:31:15.053Z] <<< [apiv2][body] POST https://upload-firebasehosting.googleapis.com/upload/sites/pnu-ibe/versions/998a453f2472b12b/files/3f655081eb682ab4fea4349df2960659c818175f5fc2bc5c7023605b92f8016f [stream]
[debug] [2025-03-21T05:31:15.095Z] <<< [apiv2][status] POST https://upload-firebasehosting.googleapis.com/upload/sites/pnu-ibe/versions/998a453f2472b12b/files/edaaa4b340b8eb7b780a57f99ef5789f1e2ccdb3e89ebfb6b603d419205d39c9 200
[debug] [2025-03-21T05:31:15.095Z] <<< [apiv2][body] POST https://upload-firebasehosting.googleapis.com/upload/sites/pnu-ibe/versions/998a453f2472b12b/files/edaaa4b340b8eb7b780a57f99ef5789f1e2ccdb3e89ebfb6b603d419205d39c9 [stream]
[debug] [2025-03-21T05:31:15.095Z] [hosting][upload queue][FINAL] {"max":1943,"min":1183,"avg":1477.2,"active":0,"complete":25,"success":25,"errored":0,"retried":0,"total":25,"elapsed":1944}
[info] ✔  hosting[pnu-ibe]: file upload complete 
[debug] [2025-03-21T05:31:15.097Z] [hosting] deploy completed after 2588ms
[debug] [2025-03-21T05:31:15.097Z] [
  {
    "config": {
      "public": "out",
      "ignore": [
        "firebase.json",
        "**/.*",
        "**/node_modules/**"
      ],
      "site": "pnu-ibe"
    },
    "version": "projects/842150288087/sites/pnu-ibe/versions/998a453f2472b12b"
  }
]
[info] i  hosting[pnu-ibe]: finalizing version... 
[debug] [2025-03-21T05:31:15.098Z] Checked if tokens are valid: true, expires at: 1742536950127
[debug] [2025-03-21T05:31:15.098Z] Checked if tokens are valid: true, expires at: 1742536950127
[debug] [2025-03-21T05:31:15.098Z] >>> [apiv2][query] PATCH https://firebasehosting.googleapis.com/v1beta1/projects/-/sites/pnu-ibe/versions/998a453f2472b12b updateMask=status%2Cconfig
[debug] [2025-03-21T05:31:15.098Z] >>> [apiv2][body] PATCH https://firebasehosting.googleapis.com/v1beta1/projects/-/sites/pnu-ibe/versions/998a453f2472b12b {"status":"FINALIZED","config":{}}
[debug] [2025-03-21T05:31:15.514Z] <<< [apiv2][status] PATCH https://firebasehosting.googleapis.com/v1beta1/projects/-/sites/pnu-ibe/versions/998a453f2472b12b 200
[debug] [2025-03-21T05:31:15.514Z] <<< [apiv2][body] PATCH https://firebasehosting.googleapis.com/v1beta1/projects/-/sites/pnu-ibe/versions/998a453f2472b12b {"name":"projects/842150288087/sites/pnu-ibe/versions/998a453f2472b12b","status":"FINALIZED","config":{},"labels":{"deployment-tool":"cli-firebase"},"createTime":"2025-03-21T05:31:12.149221Z","createUser":{"email":"zuntwo2@gmail.com"},"finalizeTime":"2025-03-21T05:31:15.442548Z","finalizeUser":{"email":"zuntwo2@gmail.com"}}
[debug] [2025-03-21T05:31:15.514Z] [hosting] finalized version for pnu-ibe:[object Object]
[info] ✔  hosting[pnu-ibe]: version finalized 
[info] i  hosting[pnu-ibe]: releasing new version... 
[debug] [2025-03-21T05:31:15.515Z] Checked if tokens are valid: true, expires at: 1742536950127
[debug] [2025-03-21T05:31:15.515Z] Checked if tokens are valid: true, expires at: 1742536950127
[debug] [2025-03-21T05:31:15.515Z] >>> [apiv2][query] POST https://firebasehosting.googleapis.com/v1beta1/projects/-/sites/pnu-ibe/channels/live/releases versionName=projects%2F842150288087%2Fsites%2Fpnu-ibe%2Fversions%2F998a453f2472b12b
[debug] [2025-03-21T05:31:15.516Z] >>> [apiv2][body] POST https://firebasehosting.googleapis.com/v1beta1/projects/-/sites/pnu-ibe/channels/live/releases {}
[debug] [2025-03-21T05:31:16.220Z] <<< [apiv2][status] POST https://firebasehosting.googleapis.com/v1beta1/projects/-/sites/pnu-ibe/channels/live/releases 200
[debug] [2025-03-21T05:31:16.220Z] <<< [apiv2][body] POST https://firebasehosting.googleapis.com/v1beta1/projects/-/sites/pnu-ibe/channels/live/releases {"name":"projects/842150288087/sites/pnu-ibe/channels/live/releases/1742535075547000","version":{"name":"projects/842150288087/sites/pnu-ibe/versions/998a453f2472b12b","status":"FINALIZED","config":{},"labels":{"deployment-tool":"cli-firebase"},"createTime":"2025-03-21T05:31:12.149221Z","createUser":{"email":"zuntwo2@gmail.com","imageUrl":"https://lh3.googleusercontent.com/a/ACg8ocINoP7Ni6lmibFD_mJjlVXtkLSnKqt-_zafyxLqCcx0_aBfXw=mo"},"finalizeTime":"2025-03-21T05:31:15.442548Z","finalizeUser":{"email":"zuntwo2@gmail.com","imageUrl":"https://lh3.googleusercontent.com/a/ACg8ocINoP7Ni6lmibFD_mJjlVXtkLSnKqt-_zafyxLqCcx0_aBfXw=mo"}},"type":"DEPLOY","releaseTime":"2025-03-21T05:31:15.547Z","releaseUser":{"email":"zuntwo2@gmail.com","imageUrl":"https://lh3.googleusercontent.com/a/ACg8ocINoP7Ni6lmibFD_mJjlVXtkLSnKqt-_zafyxLqCcx0_aBfXw=mo"}}
[debug] [2025-03-21T05:31:16.220Z] [hosting] release: {"name":"projects/842150288087/sites/pnu-ibe/channels/live/releases/1742535075547000","version":{"name":"projects/842150288087/sites/pnu-ibe/versions/998a453f2472b12b","status":"FINALIZED","config":{},"labels":{"deployment-tool":"cli-firebase"},"createTime":"2025-03-21T05:31:12.149221Z","createUser":{"email":"zuntwo2@gmail.com","imageUrl":"https://lh3.googleusercontent.com/a/ACg8ocINoP7Ni6lmibFD_mJjlVXtkLSnKqt-_zafyxLqCcx0_aBfXw=mo"},"finalizeTime":"2025-03-21T05:31:15.442548Z","finalizeUser":{"email":"zuntwo2@gmail.com","imageUrl":"https://lh3.googleusercontent.com/a/ACg8ocINoP7Ni6lmibFD_mJjlVXtkLSnKqt-_zafyxLqCcx0_aBfXw=mo"}},"type":"DEPLOY","releaseTime":"2025-03-21T05:31:15.547Z","releaseUser":{"email":"zuntwo2@gmail.com","imageUrl":"https://lh3.googleusercontent.com/a/ACg8ocINoP7Ni6lmibFD_mJjlVXtkLSnKqt-_zafyxLqCcx0_aBfXw=mo"}}
[info] ✔  hosting[pnu-ibe]: release complete 
